2024-08-22 14:28:57.883 ERROR (MainThread) [frontend.js.modern.202408090] Uncaught error from Chrome 127.0.0.0 on Mac OS 10.15.7
TypeError: Cannot read properties of undefined (reading 'domain')
_keyFunction (src/panels/config/integrations/dialog-add-integration.ts:471:16)
keyFunction (src/virtualize.ts:116:41)
r (src/directives/repeat.ts:56:28)
ct (src/directives/repeat.ts:93:52)
update (src/directive.ts:134:16)
_$AS (src/lit-html.ts:1085:23)
S (src/lit-html.ts:1362:12)
_$AI (src/async-directive.ts:366:18)
setValue (src/virtualize.ts:139:13)
dispatchEvent (src/Virtualizer.ts:816:23)
2024-08-22 14:28:57.885 ERROR (MainThread) [frontend.js.modern.202408090] Uncaught error from Chrome 127.0.0.0 on Mac OS 10.15.7
TypeError: Cannot read properties of undefined (reading 'domain')
_keyFunction (src/panels/config/integrations/dialog-add-integration.ts:471:16)
keyFunction (src/virtualize.ts:116:41)
r (src/directives/repeat.ts:56:28)
ct (src/directives/repeat.ts:93:52)
update (src/directive.ts:134:16)
_$AS (src/lit-html.ts:1085:23)
S (src/lit-html.ts:1362:12)
_$AI (src/async-directive.ts:366:18)
setValue (src/virtualize.ts:139:13)
dispatchEvent (src/Virtualizer.ts:816:23)
2024-08-22 14:28:58.201 ERROR (MainThread) [frontend.js.modern.202408090] Uncaught error from Chrome 127.0.0.0 on Mac OS 10.15.7
TypeError: Cannot read properties of undefined (reading 'domain')
_keyFunction (src/panels/config/integrations/dialog-add-integration.ts:471:16)
keyFunction (src/virtualize.ts:116:41)
r (src/directives/repeat.ts:56:28)
ct (src/directives/repeat.ts:93:52)
update (src/directive.ts:134:16)
_$AS (src/lit-html.ts:1085:23)
S (src/lit-html.ts:1362:12)
_$AI (src/async-directive.ts:366:18)
setValue (src/virtualize.ts:139:13)
dispatchEvent (src/Virtualizer.ts:816:23)
2024-08-22 14:28:59.293 ERROR (MainThread) [frontend.js.modern.202408090] Uncaught error from Chrome 127.0.0.0 on Mac OS 10.15.7
TypeError: Cannot read properties of undefined (reading 'domain')
_keyFunction (src/panels/config/integrations/dialog-add-integration.ts:471:16)
keyFunction (src/virtualize.ts:116:41)
r (src/directives/repeat.ts:56:28)
ct (src/directives/repeat.ts:93:52)
update (src/directive.ts:134:16)
_$AS (src/lit-html.ts:1085:23)
S (src/lit-html.ts:1362:12)
_$AI (src/async-directive.ts:366:18)
setValue (src/virtualize.ts:139:13)
dispatchEvent (src/Virtualizer.ts:816:23)
2024-08-22 14:28:59.465 ERROR (MainThread) [frontend.js.modern.202408090] Uncaught error from Chrome 127.0.0.0 on Mac OS 10.15.7
TypeError: Cannot read properties of undefined (reading 'domain')
_keyFunction (src/panels/config/integrations/dialog-add-integration.ts:471:16)
keyFunction (src/virtualize.ts:116:41)
r (src/directives/repeat.ts:56:28)
ct (src/directives/repeat.ts:93:52)
update (src/directive.ts:134:16)
_$AS (src/lit-html.ts:1085:23)
S (src/lit-html.ts:1362:12)
_$AI (src/async-directive.ts:366:18)
setValue (src/virtualize.ts:139:13)
dispatchEvent (src/Virtualizer.ts:816:23)
